<?xml version="1.0" encoding="UTF-8"?>
<!-- Generated by org.testng.reporters.JUnitReportReporter -->
<testsuite hostname="LAPTOP-IQ9B34OU" failures="0" tests="2" name="pack.scriptTest" time="0.017" errors="0" timestamp="2022-11-23T15:43:18 IST" skipped="0">
  <testcase classname="pack.scriptTest" name="mon" time="0.015"/>
  <system-out/>
  <testcase classname="pack.scriptTest" name="poke" time="0.002"/>
  <system-out/>
</testsuite> <!-- pack.scriptTest -->
